d:\sem3\gpp(2.0)\gpp_exam\zombiegame\project\_temp\release\gpp_plugin.pch
d:\sem3\gpp(2.0)\gpp_exam\zombiegame\project\_temp\release\stdafx.obj
d:\sem3\gpp(2.0)\gpp_exam\zombiegame\project\_temp\release\utilitysystem.obj
d:\sem3\gpp(2.0)\gpp_exam\zombiegame\project\_temp\release\steeringbehaviour.obj
d:\sem3\gpp(2.0)\gpp_exam\zombiegame\project\_temp\release\steering.obj
d:\sem3\gpp(2.0)\gpp_exam\zombiegame\project\_temp\release\plugin.obj
d:\sem3\gpp(2.0)\gpp_exam\zombiegame\project\_temp\release\itemusage.obj
d:\sem3\gpp(2.0)\gpp_exam\zombiegame\project\_temp\release\inventory.obj
d:\sem3\gpp(2.0)\gpp_exam\zombiegame\project\_temp\release\explorebehaviour.obj
d:\sem3\gpp(2.0)\gpp_exam\zombiegame\project\_temp\release\gpp_plugin.lib
d:\sem3\gpp(2.0)\gpp_exam\zombiegame\project\_temp\release\gpp_plugin.exp
d:\sem3\gpp(2.0)\gpp_exam\zombiegame\_demo_release\gpp_plugin.dll
d:\sem3\gpp(2.0)\gpp_exam\zombiegame\project\_temp\release\gpp_plugin.pdb
d:\sem3\gpp(2.0)\gpp_exam\zombiegame\project\_temp\release\gpp_exam.tlog\cl.command.1.tlog
d:\sem3\gpp(2.0)\gpp_exam\zombiegame\project\_temp\release\gpp_exam.tlog\cl.read.1.tlog
d:\sem3\gpp(2.0)\gpp_exam\zombiegame\project\_temp\release\gpp_exam.tlog\cl.write.1.tlog
d:\sem3\gpp(2.0)\gpp_exam\zombiegame\project\_temp\release\gpp_exam.tlog\gpp_exam.write.1u.tlog
d:\sem3\gpp(2.0)\gpp_exam\zombiegame\project\_temp\release\gpp_exam.tlog\link.command.1.tlog
d:\sem3\gpp(2.0)\gpp_exam\zombiegame\project\_temp\release\gpp_exam.tlog\link.read.1.tlog
d:\sem3\gpp(2.0)\gpp_exam\zombiegame\project\_temp\release\gpp_exam.tlog\link.write.1.tlog
