d:\sem3\gpp(2.0)\gpp_exam\zombiegame\project\_temp\debug\gpp_plugin_d.pch
d:\sem3\gpp(2.0)\gpp_exam\zombiegame\project\_temp\debug\vc142.pdb
d:\sem3\gpp(2.0)\gpp_exam\zombiegame\project\_temp\debug\vc142.idb
d:\sem3\gpp(2.0)\gpp_exam\zombiegame\project\_temp\debug\stdafx.obj
d:\sem3\gpp(2.0)\gpp_exam\zombiegame\project\_temp\debug\utilitysystem.obj
d:\sem3\gpp(2.0)\gpp_exam\zombiegame\project\_temp\debug\steeringbehaviour.obj
d:\sem3\gpp(2.0)\gpp_exam\zombiegame\project\_temp\debug\plugin.obj
d:\sem3\gpp(2.0)\gpp_exam\zombiegame\project\_temp\debug\itemusage.obj
d:\sem3\gpp(2.0)\gpp_exam\zombiegame\project\_temp\debug\inventory.obj
d:\sem3\gpp(2.0)\gpp_exam\zombiegame\project\_temp\debug\explorebehaviour.obj
d:\sem3\gpp(2.0)\gpp_exam\zombiegame\_demo_debug\gpp_plugin_d.lib
d:\sem3\gpp(2.0)\gpp_exam\zombiegame\_demo_debug\gpp_plugin_d.exp
d:\sem3\gpp(2.0)\gpp_exam\zombiegame\_demo_debug\gpp_plugin_d.dll
d:\sem3\gpp(2.0)\gpp_exam\zombiegame\project\_temp\debug\gpp_plugin_d.ilk
d:\sem3\gpp(2.0)\gpp_exam\zombiegame\_demo_debug\gpp_plugin_d.pdb
d:\sem3\gpp(2.0)\gpp_exam\zombiegame\project\..\_demo_debug\gpp_plugin_d.pdb
d:\sem3\gpp(2.0)\gpp_exam\zombiegame\project\_temp\debug\gpp_exam.tlog\cl.command.1.tlog
d:\sem3\gpp(2.0)\gpp_exam\zombiegame\project\_temp\debug\gpp_exam.tlog\cl.read.1.tlog
d:\sem3\gpp(2.0)\gpp_exam\zombiegame\project\_temp\debug\gpp_exam.tlog\cl.write.1.tlog
d:\sem3\gpp(2.0)\gpp_exam\zombiegame\project\_temp\debug\gpp_exam.tlog\gpp_exam.write.1u.tlog
d:\sem3\gpp(2.0)\gpp_exam\zombiegame\project\_temp\debug\gpp_exam.tlog\link.command.1.tlog
d:\sem3\gpp(2.0)\gpp_exam\zombiegame\project\_temp\debug\gpp_exam.tlog\link.read.1.tlog
d:\sem3\gpp(2.0)\gpp_exam\zombiegame\project\_temp\debug\gpp_exam.tlog\link.write.1.tlog
